<?xml version="1.0" encoding="UTF-8"?>
<!-- Generated by org.testng.reporters.JUnitReportReporter -->
<testsuite skipped="0" hostname="DESKTOP-KFPD178" name="naveenAutomaitonLB.TestNGBasics" tests="3" failures="0" timestamp="31 Oct 2020 23:04:11 GMT" time="0.014" errors="0">
  <testcase name="googleTitl" time="0.010" classname="naveenAutomaitonLB.TestNGBasics"/>
  <testcase name="googleTitl1" time="0.002" classname="naveenAutomaitonLB.TestNGBasics"/>
  <testcase name="googleTitleTest" time="0.002" classname="naveenAutomaitonLB.TestNGBasics"/>
</testsuite> <!-- naveenAutomaitonLB.TestNGBasics -->
